0 info it worked if it ends with ok
1 verbose cli [ 'node', '/usr/local/bin/npm', 'install' ]
2 info using npm@1.4.28
3 info using node@v0.10.33
4 verbose readDependencies using package.json deps
5 verbose install where, deps [ '/Users/mickod/Desktop/AMOD/UCD/Project/ColabLocalhostNodejsServer/colab_server',
5 verbose install   [ 'express',
5 verbose install     'body-parser',
5 verbose install     'cookie-parser',
5 verbose install     'morgan',
5 verbose install     'serve-favicon',
5 verbose install     'debug',
5 verbose install     'jade' ] ]
6 info preinstall colab_server@0.0.0
7 verbose readDependencies using package.json deps
8 verbose cache add [ 'express@~4.9.0', null ]
9 verbose cache add name=undefined spec="express@~4.9.0" args=["express@~4.9.0",null]
10 verbose parsed url { protocol: null,
10 verbose parsed url   slashes: null,
10 verbose parsed url   auth: null,
10 verbose parsed url   host: null,
10 verbose parsed url   port: null,
10 verbose parsed url   hostname: null,
10 verbose parsed url   hash: null,
10 verbose parsed url   search: null,
10 verbose parsed url   query: null,
10 verbose parsed url   pathname: 'express@~4.9.0',
10 verbose parsed url   path: 'express@~4.9.0',
10 verbose parsed url   href: 'express@~4.9.0' }
11 verbose cache add [ 'body-parser@~1.8.1', null ]
12 verbose cache add name=undefined spec="body-parser@~1.8.1" args=["body-parser@~1.8.1",null]
13 verbose parsed url { protocol: null,
13 verbose parsed url   slashes: null,
13 verbose parsed url   auth: null,
13 verbose parsed url   host: null,
13 verbose parsed url   port: null,
13 verbose parsed url   hostname: null,
13 verbose parsed url   hash: null,
13 verbose parsed url   search: null,
13 verbose parsed url   query: null,
13 verbose parsed url   pathname: 'body-parser@~1.8.1',
13 verbose parsed url   path: 'body-parser@~1.8.1',
13 verbose parsed url   href: 'body-parser@~1.8.1' }
14 verbose cache add [ 'cookie-parser@~1.3.3', null ]
15 verbose cache add name=undefined spec="cookie-parser@~1.3.3" args=["cookie-parser@~1.3.3",null]
16 verbose parsed url { protocol: null,
16 verbose parsed url   slashes: null,
16 verbose parsed url   auth: null,
16 verbose parsed url   host: null,
16 verbose parsed url   port: null,
16 verbose parsed url   hostname: null,
16 verbose parsed url   hash: null,
16 verbose parsed url   search: null,
16 verbose parsed url   query: null,
16 verbose parsed url   pathname: 'cookie-parser@~1.3.3',
16 verbose parsed url   path: 'cookie-parser@~1.3.3',
16 verbose parsed url   href: 'cookie-parser@~1.3.3' }
17 verbose cache add [ 'morgan@~1.3.0', null ]
18 verbose cache add name=undefined spec="morgan@~1.3.0" args=["morgan@~1.3.0",null]
19 verbose parsed url { protocol: null,
19 verbose parsed url   slashes: null,
19 verbose parsed url   auth: null,
19 verbose parsed url   host: null,
19 verbose parsed url   port: null,
19 verbose parsed url   hostname: null,
19 verbose parsed url   hash: null,
19 verbose parsed url   search: null,
19 verbose parsed url   query: null,
19 verbose parsed url   pathname: 'morgan@~1.3.0',
19 verbose parsed url   path: 'morgan@~1.3.0',
19 verbose parsed url   href: 'morgan@~1.3.0' }
20 verbose cache add [ 'serve-favicon@~2.1.3', null ]
21 verbose cache add name=undefined spec="serve-favicon@~2.1.3" args=["serve-favicon@~2.1.3",null]
22 verbose parsed url { protocol: null,
22 verbose parsed url   slashes: null,
22 verbose parsed url   auth: null,
22 verbose parsed url   host: null,
22 verbose parsed url   port: null,
22 verbose parsed url   hostname: null,
22 verbose parsed url   hash: null,
22 verbose parsed url   search: null,
22 verbose parsed url   query: null,
22 verbose parsed url   pathname: 'serve-favicon@~2.1.3',
22 verbose parsed url   path: 'serve-favicon@~2.1.3',
22 verbose parsed url   href: 'serve-favicon@~2.1.3' }
23 verbose cache add name="express" spec="~4.9.0" args=["express","~4.9.0"]
24 verbose parsed url { protocol: null,
24 verbose parsed url   slashes: null,
24 verbose parsed url   auth: null,
24 verbose parsed url   host: null,
24 verbose parsed url   port: null,
24 verbose parsed url   hostname: null,
24 verbose parsed url   hash: null,
24 verbose parsed url   search: null,
24 verbose parsed url   query: null,
24 verbose parsed url   pathname: '~4.9.0',
24 verbose parsed url   path: '~4.9.0',
24 verbose parsed url   href: '~4.9.0' }
25 verbose addNamed [ 'express', '~4.9.0' ]
26 verbose addNamed [ null, '>=4.9.0-0 <4.10.0-0' ]
27 verbose cache add name="body-parser" spec="~1.8.1" args=["body-parser","~1.8.1"]
28 verbose parsed url { protocol: null,
28 verbose parsed url   slashes: null,
28 verbose parsed url   auth: null,
28 verbose parsed url   host: null,
28 verbose parsed url   port: null,
28 verbose parsed url   hostname: null,
28 verbose parsed url   hash: null,
28 verbose parsed url   search: null,
28 verbose parsed url   query: null,
28 verbose parsed url   pathname: '~1.8.1',
28 verbose parsed url   path: '~1.8.1',
28 verbose parsed url   href: '~1.8.1' }
29 verbose addNamed [ 'body-parser', '~1.8.1' ]
30 verbose addNamed [ null, '>=1.8.1-0 <1.9.0-0' ]
31 verbose cache add name="cookie-parser" spec="~1.3.3" args=["cookie-parser","~1.3.3"]
32 verbose parsed url { protocol: null,
32 verbose parsed url   slashes: null,
32 verbose parsed url   auth: null,
32 verbose parsed url   host: null,
32 verbose parsed url   port: null,
32 verbose parsed url   hostname: null,
32 verbose parsed url   hash: null,
32 verbose parsed url   search: null,
32 verbose parsed url   query: null,
32 verbose parsed url   pathname: '~1.3.3',
32 verbose parsed url   path: '~1.3.3',
32 verbose parsed url   href: '~1.3.3' }
33 verbose addNamed [ 'cookie-parser', '~1.3.3' ]
34 verbose addNamed [ null, '>=1.3.3-0 <1.4.0-0' ]
35 verbose cache add name="morgan" spec="~1.3.0" args=["morgan","~1.3.0"]
36 verbose parsed url { protocol: null,
36 verbose parsed url   slashes: null,
36 verbose parsed url   auth: null,
36 verbose parsed url   host: null,
36 verbose parsed url   port: null,
36 verbose parsed url   hostname: null,
36 verbose parsed url   hash: null,
36 verbose parsed url   search: null,
36 verbose parsed url   query: null,
36 verbose parsed url   pathname: '~1.3.0',
36 verbose parsed url   path: '~1.3.0',
36 verbose parsed url   href: '~1.3.0' }
37 verbose addNamed [ 'morgan', '~1.3.0' ]
38 verbose addNamed [ null, '>=1.3.0-0 <1.4.0-0' ]
39 verbose cache add name="serve-favicon" spec="~2.1.3" args=["serve-favicon","~2.1.3"]
40 verbose parsed url { protocol: null,
40 verbose parsed url   slashes: null,
40 verbose parsed url   auth: null,
40 verbose parsed url   host: null,
40 verbose parsed url   port: null,
40 verbose parsed url   hostname: null,
40 verbose parsed url   hash: null,
40 verbose parsed url   search: null,
40 verbose parsed url   query: null,
40 verbose parsed url   pathname: '~2.1.3',
40 verbose parsed url   path: '~2.1.3',
40 verbose parsed url   href: '~2.1.3' }
41 verbose addNamed [ 'serve-favicon', '~2.1.3' ]
42 verbose addNamed [ null, '>=2.1.3-0 <2.2.0-0' ]
43 verbose cache add [ 'debug@~2.0.0', null ]
44 verbose cache add name=undefined spec="debug@~2.0.0" args=["debug@~2.0.0",null]
45 verbose parsed url { protocol: null,
45 verbose parsed url   slashes: null,
45 verbose parsed url   auth: null,
45 verbose parsed url   host: null,
45 verbose parsed url   port: null,
45 verbose parsed url   hostname: null,
45 verbose parsed url   hash: null,
45 verbose parsed url   search: null,
45 verbose parsed url   query: null,
45 verbose parsed url   pathname: 'debug@~2.0.0',
45 verbose parsed url   path: 'debug@~2.0.0',
45 verbose parsed url   href: 'debug@~2.0.0' }
46 verbose cache add [ 'jade@~1.6.0', null ]
47 verbose cache add name=undefined spec="jade@~1.6.0" args=["jade@~1.6.0",null]
48 verbose parsed url { protocol: null,
48 verbose parsed url   slashes: null,
48 verbose parsed url   auth: null,
48 verbose parsed url   host: null,
48 verbose parsed url   port: null,
48 verbose parsed url   hostname: null,
48 verbose parsed url   hash: null,
48 verbose parsed url   search: null,
48 verbose parsed url   query: null,
48 verbose parsed url   pathname: 'jade@~1.6.0',
48 verbose parsed url   path: 'jade@~1.6.0',
48 verbose parsed url   href: 'jade@~1.6.0' }
49 silly lockFile 6ae7fa08-express-4-9-0 express@~4.9.0
50 verbose lock express@~4.9.0 /Users/mickod/.npm/6ae7fa08-express-4-9-0.lock
51 silly lockFile a49948c1-body-parser-1-8-1 body-parser@~1.8.1
52 verbose lock body-parser@~1.8.1 /Users/mickod/.npm/a49948c1-body-parser-1-8-1.lock
53 silly lockFile bf5babd8-cookie-parser-1-3-3 cookie-parser@~1.3.3
54 verbose lock cookie-parser@~1.3.3 /Users/mickod/.npm/bf5babd8-cookie-parser-1-3-3.lock
55 silly lockFile a4a9bdf4-morgan-1-3-0 morgan@~1.3.0
56 verbose lock morgan@~1.3.0 /Users/mickod/.npm/a4a9bdf4-morgan-1-3-0.lock
57 silly lockFile 38295489-serve-favicon-2-1-3 serve-favicon@~2.1.3
58 verbose lock serve-favicon@~2.1.3 /Users/mickod/.npm/38295489-serve-favicon-2-1-3.lock
59 verbose cache add name="debug" spec="~2.0.0" args=["debug","~2.0.0"]
60 verbose parsed url { protocol: null,
60 verbose parsed url   slashes: null,
60 verbose parsed url   auth: null,
60 verbose parsed url   host: null,
60 verbose parsed url   port: null,
60 verbose parsed url   hostname: null,
60 verbose parsed url   hash: null,
60 verbose parsed url   search: null,
60 verbose parsed url   query: null,
60 verbose parsed url   pathname: '~2.0.0',
60 verbose parsed url   path: '~2.0.0',
60 verbose parsed url   href: '~2.0.0' }
61 verbose addNamed [ 'debug', '~2.0.0' ]
62 verbose addNamed [ null, '>=2.0.0-0 <2.1.0-0' ]
63 silly lockFile 12b6356d-debug-2-0-0 debug@~2.0.0
64 verbose lock debug@~2.0.0 /Users/mickod/.npm/12b6356d-debug-2-0-0.lock
65 verbose cache add name="jade" spec="~1.6.0" args=["jade","~1.6.0"]
66 verbose parsed url { protocol: null,
66 verbose parsed url   slashes: null,
66 verbose parsed url   auth: null,
66 verbose parsed url   host: null,
66 verbose parsed url   port: null,
66 verbose parsed url   hostname: null,
66 verbose parsed url   hash: null,
66 verbose parsed url   search: null,
66 verbose parsed url   query: null,
66 verbose parsed url   pathname: '~1.6.0',
66 verbose parsed url   path: '~1.6.0',
66 verbose parsed url   href: '~1.6.0' }
67 verbose addNamed [ 'jade', '~1.6.0' ]
68 verbose addNamed [ null, '>=1.6.0-0 <1.7.0-0' ]
69 silly lockFile ad8c17a8-jade-1-6-0 jade@~1.6.0
70 verbose lock jade@~1.6.0 /Users/mickod/.npm/ad8c17a8-jade-1-6-0.lock
71 silly addNameRange { name: 'express', range: '>=4.9.0-0 <4.10.0-0', hasData: false }
72 silly addNameRange { name: 'body-parser',
72 silly addNameRange   range: '>=1.8.1-0 <1.9.0-0',
72 silly addNameRange   hasData: false }
73 silly addNameRange { name: 'cookie-parser',
73 silly addNameRange   range: '>=1.3.3-0 <1.4.0-0',
73 silly addNameRange   hasData: false }
74 silly addNameRange { name: 'morgan', range: '>=1.3.0-0 <1.4.0-0', hasData: false }
75 silly addNameRange { name: 'serve-favicon',
75 silly addNameRange   range: '>=2.1.3-0 <2.2.0-0',
75 silly addNameRange   hasData: false }
76 silly addNameRange { name: 'debug', range: '>=2.0.0-0 <2.1.0-0', hasData: false }
77 silly addNameRange { name: 'jade', range: '>=1.6.0-0 <1.7.0-0', hasData: false }
78 verbose request where is /body-parser
79 verbose request registry https://registry.npmjs.org/
80 verbose request id 614413db2a164b75
81 verbose url raw /body-parser
82 verbose url resolving [ 'https://registry.npmjs.org/', './body-parser' ]
83 verbose url resolved https://registry.npmjs.org/body-parser
84 verbose request where is https://registry.npmjs.org/body-parser
85 info trying registry request attempt 1 at 19:22:23
86 http GET https://registry.npmjs.org/body-parser
87 verbose request where is /cookie-parser
88 verbose request registry https://registry.npmjs.org/
89 verbose url raw /cookie-parser
90 verbose url resolving [ 'https://registry.npmjs.org/', './cookie-parser' ]
91 verbose url resolved https://registry.npmjs.org/cookie-parser
92 verbose request where is https://registry.npmjs.org/cookie-parser
93 info trying registry request attempt 1 at 19:22:23
94 http GET https://registry.npmjs.org/cookie-parser
95 verbose request where is /morgan
96 verbose request registry https://registry.npmjs.org/
97 verbose url raw /morgan
98 verbose url resolving [ 'https://registry.npmjs.org/', './morgan' ]
99 verbose url resolved https://registry.npmjs.org/morgan
100 verbose request where is https://registry.npmjs.org/morgan
101 info trying registry request attempt 1 at 19:22:23
102 http GET https://registry.npmjs.org/morgan
103 verbose request where is /serve-favicon
104 verbose request registry https://registry.npmjs.org/
105 verbose url raw /serve-favicon
106 verbose url resolving [ 'https://registry.npmjs.org/', './serve-favicon' ]
107 verbose url resolved https://registry.npmjs.org/serve-favicon
108 verbose request where is https://registry.npmjs.org/serve-favicon
109 info trying registry request attempt 1 at 19:22:23
110 http GET https://registry.npmjs.org/serve-favicon
111 verbose request where is /jade
112 verbose request registry https://registry.npmjs.org/
113 verbose url raw /jade
114 verbose url resolving [ 'https://registry.npmjs.org/', './jade' ]
115 verbose url resolved https://registry.npmjs.org/jade
116 verbose request where is https://registry.npmjs.org/jade
117 info trying registry request attempt 1 at 19:22:23
118 http GET https://registry.npmjs.org/jade
119 verbose request where is /express
120 verbose request registry https://registry.npmjs.org/
121 verbose url raw /express
122 verbose url resolving [ 'https://registry.npmjs.org/', './express' ]
123 verbose url resolved https://registry.npmjs.org/express
124 verbose request where is https://registry.npmjs.org/express
125 info trying registry request attempt 1 at 19:22:23
126 verbose etag "4OVMMS5WT0I4TSGLDP3E9TDE5"
127 http GET https://registry.npmjs.org/express
128 verbose request where is /debug
129 verbose request registry https://registry.npmjs.org/
130 verbose url raw /debug
131 verbose url resolving [ 'https://registry.npmjs.org/', './debug' ]
132 verbose url resolved https://registry.npmjs.org/debug
133 verbose request where is https://registry.npmjs.org/debug
134 info trying registry request attempt 1 at 19:22:23
135 verbose etag "73MB79J18PZK39N02U42KQG49"
136 http GET https://registry.npmjs.org/debug
137 http 200 https://registry.npmjs.org/morgan
138 silly registry.get cb [ 200,
138 silly registry.get   { date: 'Tue, 28 Oct 2014 19:22:23 GMT',
138 silly registry.get     server: 'CouchDB/1.5.0 (Erlang OTP/R16B03)',
138 silly registry.get     etag: '"912376T3LDNUY3FPGDWW0LQL9"',
138 silly registry.get     'content-type': 'application/json',
138 silly registry.get     'cache-control': 'max-age=60',
138 silly registry.get     'content-length': '28537',
138 silly registry.get     'accept-ranges': 'bytes',
138 silly registry.get     via: '1.1 varnish',
138 silly registry.get     age: '9',
138 silly registry.get     'x-served-by': 'cache-lcy1129-LCY',
138 silly registry.get     'x-cache': 'HIT',
138 silly registry.get     'x-cache-hits': '1',
138 silly registry.get     'x-timer': 'S1414524143.768518,VS0,VE0',
138 silly registry.get     vary: 'Accept',
138 silly registry.get     'keep-alive': 'timeout=10, max=50',
138 silly registry.get     connection: 'Keep-Alive' } ]
139 http 200 https://registry.npmjs.org/cookie-parser
140 silly registry.get cb [ 200,
140 silly registry.get   { date: 'Tue, 28 Oct 2014 19:22:23 GMT',
140 silly registry.get     server: 'CouchDB/1.5.0 (Erlang OTP/R16B03)',
140 silly registry.get     etag: '"D2I21Z55J0M83YHA636O1DW9K"',
140 silly registry.get     'content-type': 'application/json',
140 silly registry.get     'cache-control': 'max-age=60',
140 silly registry.get     'content-length': '14080',
140 silly registry.get     'accept-ranges': 'bytes',
140 silly registry.get     via: '1.1 varnish',
140 silly registry.get     age: '9',
140 silly registry.get     'x-served-by': 'cache-lcy1134-LCY',
140 silly registry.get     'x-cache': 'HIT',
140 silly registry.get     'x-cache-hits': '1',
140 silly registry.get     'x-timer': 'S1414524143.767063,VS0,VE0',
140 silly registry.get     vary: 'Accept',
140 silly registry.get     'keep-alive': 'timeout=10, max=50',
140 silly registry.get     connection: 'Keep-Alive' } ]
141 silly addNameRange number 2 { name: 'morgan', range: '>=1.3.0-0 <1.4.0-0', hasData: true }
142 silly addNameRange versions [ 'morgan',
142 silly addNameRange   [ '1.0.0',
142 silly addNameRange     '1.0.1',
142 silly addNameRange     '1.1.0',
142 silly addNameRange     '1.1.1',
142 silly addNameRange     '1.2.0',
142 silly addNameRange     '1.2.1',
142 silly addNameRange     '1.2.2',
142 silly addNameRange     '1.2.3',
142 silly addNameRange     '1.3.0',
142 silly addNameRange     '1.3.1',
142 silly addNameRange     '1.3.2',
142 silly addNameRange     '1.4.0',
142 silly addNameRange     '1.4.1' ] ]
143 verbose addNamed [ 'morgan', '1.3.2' ]
144 verbose addNamed [ '1.3.2', '1.3.2' ]
145 silly lockFile 7e2b41c6-morgan-1-3-2 morgan@1.3.2
146 verbose lock morgan@1.3.2 /Users/mickod/.npm/7e2b41c6-morgan-1-3-2.lock
147 silly addNameRange number 2 { name: 'cookie-parser',
147 silly addNameRange   range: '>=1.3.3-0 <1.4.0-0',
147 silly addNameRange   hasData: true }
148 silly addNameRange versions [ 'cookie-parser',
148 silly addNameRange   [ '1.0.0',
148 silly addNameRange     '1.0.1',
148 silly addNameRange     '1.1.0',
148 silly addNameRange     '1.2.0',
148 silly addNameRange     '1.3.0',
148 silly addNameRange     '1.3.1',
148 silly addNameRange     '1.3.2',
148 silly addNameRange     '1.3.3' ] ]
149 verbose addNamed [ 'cookie-parser', '1.3.3' ]
150 verbose addNamed [ '1.3.3', '1.3.3' ]
151 silly lockFile 68450bd4-cookie-parser-1-3-3 cookie-parser@1.3.3
152 verbose lock cookie-parser@1.3.3 /Users/mickod/.npm/68450bd4-cookie-parser-1-3-3.lock
153 silly lockFile cac8e271-pmjs-org-morgan-morgan-1-3-2-tgz https://registry.npmjs.org/morgan/-/morgan-1.3.2.tgz
154 verbose lock https://registry.npmjs.org/morgan/-/morgan-1.3.2.tgz /Users/mickod/.npm/cac8e271-pmjs-org-morgan-morgan-1-3-2-tgz.lock
155 silly lockFile 864e7377-e-parser-cookie-parser-1-3-3-tgz https://registry.npmjs.org/cookie-parser/-/cookie-parser-1.3.3.tgz
156 verbose lock https://registry.npmjs.org/cookie-parser/-/cookie-parser-1.3.3.tgz /Users/mickod/.npm/864e7377-e-parser-cookie-parser-1-3-3-tgz.lock
157 verbose addRemoteTarball [ 'https://registry.npmjs.org/morgan/-/morgan-1.3.2.tgz',
157 verbose addRemoteTarball   'ac41aa15221ee4e5f2ac843896b6918139a18efd' ]
158 verbose addRemoteTarball [ 'https://registry.npmjs.org/cookie-parser/-/cookie-parser-1.3.3.tgz',
158 verbose addRemoteTarball   '7e3a2c745f4b460d5a340e578a0baa5d7725fe37' ]
159 info retry fetch attempt 1 at 19:22:23
160 verbose fetch to= /var/folders/4b/j5p7y7m91n1gkkv9lljwmjgm0000gn/T/npm-568-jyLL1nOS/registry.npmjs.org/morgan/-/morgan-1.3.2.tgz
161 http GET https://registry.npmjs.org/morgan/-/morgan-1.3.2.tgz
162 info retry fetch attempt 1 at 19:22:23
163 verbose fetch to= /var/folders/4b/j5p7y7m91n1gkkv9lljwmjgm0000gn/T/npm-568-jyLL1nOS/registry.npmjs.org/cookie-parser/-/cookie-parser-1.3.3.tgz
164 http GET https://registry.npmjs.org/cookie-parser/-/cookie-parser-1.3.3.tgz
165 http 304 https://registry.npmjs.org/express
166 silly registry.get cb [ 304,
166 silly registry.get   { date: 'Tue, 28 Oct 2014 19:22:23 GMT',
166 silly registry.get     server: 'Apache',
166 silly registry.get     via: '1.1 varnish',
166 silly registry.get     'last-modified': 'Tue, 28 Oct 2014 19:22:23 GMT',
166 silly registry.get     'cache-control': 'max-age=60',
166 silly registry.get     etag: '"4OVMMS5WT0I4TSGLDP3E9TDE5"',
166 silly registry.get     age: '9',
166 silly registry.get     'x-served-by': 'cache-lcy1129-LCY',
166 silly registry.get     'x-cache': 'HIT',
166 silly registry.get     'x-cache-hits': '1',
166 silly registry.get     'x-timer': 'S1414524143.833918,VS0,VE1',
166 silly registry.get     vary: 'Accept',
166 silly registry.get     'content-length': '0',
166 silly registry.get     'keep-alive': 'timeout=10, max=49',
166 silly registry.get     connection: 'Keep-Alive' } ]
167 verbose etag https://registry.npmjs.org/express from cache
168 http 304 https://registry.npmjs.org/debug
169 silly registry.get cb [ 304,
169 silly registry.get   { date: 'Tue, 28 Oct 2014 19:22:23 GMT',
169 silly registry.get     server: 'Apache',
169 silly registry.get     via: '1.1 varnish',
169 silly registry.get     'last-modified': 'Tue, 28 Oct 2014 19:22:04 GMT',
169 silly registry.get     'cache-control': 'max-age=60',
169 silly registry.get     etag: '"73MB79J18PZK39N02U42KQG49"',
169 silly registry.get     age: '28',
169 silly registry.get     'x-served-by': 'cache-lcy1134-LCY',
169 silly registry.get     'x-cache': 'HIT',
169 silly registry.get     'x-cache-hits': '2',
169 silly registry.get     'x-timer': 'S1414524143.829997,VS0,VE0',
169 silly registry.get     vary: 'Accept',
169 silly registry.get     'content-length': '0',
169 silly registry.get     'keep-alive': 'timeout=10, max=49',
169 silly registry.get     connection: 'Keep-Alive' } ]
170 verbose etag https://registry.npmjs.org/debug from cache
171 http 200 https://registry.npmjs.org/body-parser
172 silly registry.get cb [ 200,
172 silly registry.get   { date: 'Tue, 28 Oct 2014 19:22:23 GMT',
172 silly registry.get     server: 'CouchDB/1.5.0 (Erlang OTP/R14B04)',
172 silly registry.get     etag: '"J24HA8QEO9AGZ8LM0X71O0R4"',
172 silly registry.get     'content-type': 'application/json',
172 silly registry.get     'cache-control': 'max-age=60',
172 silly registry.get     'content-length': '71534',
172 silly registry.get     'accept-ranges': 'bytes',
172 silly registry.get     via: '1.1 varnish',
172 silly registry.get     age: '9',
172 silly registry.get     'x-served-by': 'cache-lcy1130-LCY',
172 silly registry.get     'x-cache': 'HIT',
172 silly registry.get     'x-cache-hits': '1',
172 silly registry.get     'x-timer': 'S1414524143.763625,VS0,VE0',
172 silly registry.get     vary: 'Accept',
172 silly registry.get     'keep-alive': 'timeout=10, max=50',
172 silly registry.get     connection: 'Keep-Alive' } ]
173 silly addNameRange number 2 { name: 'express', range: '>=4.9.0-0 <4.10.0-0', hasData: true }
174 silly addNameRange versions [ 'express',
174 silly addNameRange   [ '0.14.0',
174 silly addNameRange     '0.14.1',
174 silly addNameRange     '1.0.0',
174 silly addNameRange     '1.0.1',
174 silly addNameRange     '1.0.2',
174 silly addNameRange     '1.0.3',
174 silly addNameRange     '1.0.4',
174 silly addNameRange     '1.0.5',
174 silly addNameRange     '1.0.6',
174 silly addNameRange     '1.0.7',
174 silly addNameRange     '1.0.8',
174 silly addNameRange     '2.0.0',
174 silly addNameRange     '2.1.0',
174 silly addNameRange     '2.1.1',
174 silly addNameRange     '2.2.0',
174 silly addNameRange     '2.2.1',
174 silly addNameRange     '2.2.2',
174 silly addNameRange     '2.3.0',
174 silly addNameRange     '2.3.1',
174 silly addNameRange     '2.3.2',
174 silly addNameRange     '2.3.3',
174 silly addNameRange     '2.3.4',
174 silly addNameRange     '2.3.5',
174 silly addNameRange     '2.3.6',
174 silly addNameRange     '2.3.7',
174 silly addNameRange     '2.3.8',
174 silly addNameRange     '2.3.9',
174 silly addNameRange     '2.3.10',
174 silly addNameRange     '2.3.11',
174 silly addNameRange     '2.3.12',
174 silly addNameRange     '2.4.0',
174 silly addNameRange     '2.4.1',
174 silly addNameRange     '2.4.2',
174 silly addNameRange     '2.4.3',
174 silly addNameRange     '2.4.4',
174 silly addNameRange     '2.4.5',
174 silly addNameRange     '2.4.6',
174 silly addNameRange     '2.4.7',
174 silly addNameRange     '2.5.0',
174 silly addNameRange     '2.5.1',
174 silly addNameRange     '2.5.2',
174 silly addNameRange     '2.5.3',
174 silly addNameRange     '2.5.4',
174 silly addNameRange     '2.5.5',
174 silly addNameRange     '2.5.6',
174 silly addNameRange     '2.5.7',
174 silly addNameRange     '2.5.8',
174 silly addNameRange     '2.5.9',
174 silly addNameRange     '2.5.10',
174 silly addNameRange     '2.5.11',
174 silly addNameRange     '3.0.0',
174 silly addNameRange     '3.0.1',
174 silly addNameRange     '3.0.2',
174 silly addNameRange     '3.0.3',
174 silly addNameRange     '3.0.4',
174 silly addNameRange     '3.0.5',
174 silly addNameRange     '3.0.6',
174 silly addNameRange     '3.1.0',
174 silly addNameRange     '3.1.1',
174 silly addNameRange     '3.1.2',
174 silly addNameRange     '3.2.0',
174 silly addNameRange     '3.2.1',
174 silly addNameRange     '3.2.2',
174 silly addNameRange     '3.2.3',
174 silly addNameRange     '3.2.4',
174 silly addNameRange     '3.2.5',
174 silly addNameRange     '3.2.6',
174 silly addNameRange     '3.3.0',
174 silly addNameRange     '3.3.1',
174 silly addNameRange     '3.3.2',
174 silly addNameRange     '3.3.3',
174 silly addNameRange     '3.3.4',
174 silly addNameRange     '3.3.5',
174 silly addNameRange     '3.3.6',
174 silly addNameRange     '1.0.0-beta',
174 silly addNameRange     '1.0.0-beta2',
174 silly addNameRange     '1.0.0-rc',
174 silly addNameRange     '1.0.0-rc2',
174 silly addNameRange     '1.0.0-rc3',
174 silly addNameRange     '1.0.0-rc4',
174 silly addNameRange     '2.0.0-beta',
174 silly addNameRange     '2.0.0-beta2',
174 silly addNameRange     '2.0.0-beta3',
174 silly addNameRange     '2.0.0-rc',
174 silly addNameRange     '2.0.0-rc2',
174 silly addNameRange     '2.0.0-rc3',
174 silly addNameRange     '3.0.0-alpha1',
174 silly addNameRange     '3.0.0-alpha2',
174 silly addNameRange     '3.0.0-alpha3',
174 silly addNameRange     '3.0.0-alpha4',
174 silly addNameRange     '3.0.0-alpha5',
174 silly addNameRange     '3.0.0-beta1',
174 silly addNameRange     '3.0.0-beta2',
174 silly addNameRange     '3.0.0-beta3',
174 silly addNameRange     '3.0.0-beta4',
174 silly addNameRange     '3.0.0-beta6',
174 silly addNameRange     '3.0.0-beta7',
174 silly addNameRange     '3.0.0-rc1',
174 silly addNameRange     '3.0.0-rc2',
174 silly addNameRange     '3.0.0-rc3',
174 silly addNameRange     '3.0.0-rc4',
174 silly addNameRange     '3.0.0-rc5',
174 silly addNameRange     '3.3.7',
174 silly addNameRange     '3.3.8',
174 silly addNameRange     '3.4.0',
174 silly addNameRange     '3.4.1',
174 silly addNameRange     '3.4.2',
174 silly addNameRange     '3.4.3',
174 silly addNameRange     '3.4.4',
174 silly addNameRange     '3.4.5',
174 silly addNameRange     '3.4.6',
174 silly addNameRange     '3.4.7',
174 silly addNameRange     '3.4.8',
174 silly addNameRange     '4.0.0-rc1',
174 silly addNameRange     '4.0.0-rc2',
174 silly addNameRange     '3.5.0',
174 silly addNameRange     '4.0.0-rc3',
174 silly addNameRange     '4.0.0-rc4',
174 silly addNameRange     '3.5.1',
174 silly addNameRange     '4.0.0',
174 silly addNameRange     '3.5.2',
174 silly addNameRange     '4.1.0',
174 silly addNameRange     '4.1.1',
174 silly addNameRange     '3.5.3',
174 silly addNameRange     '4.1.2',
174 silly addNameRange     '3.6.0',
174 silly addNameRange     '4.2.0',
174 silly addNameRange     '3.7.0',
174 silly addNameRange     '3.8.0',
174 silly addNameRange     '4.3.0',
174 silly addNameRange     '4.3.1',
174 silly addNameRange     '3.8.1',
174 silly addNameRange     '4.3.2',
174 silly addNameRange     '3.9.0',
174 silly addNameRange     '4.4.0',
174 silly addNameRange     '4.4.1',
174 silly addNameRange     '3.10.0',
174 silly addNameRange     '3.10.1',
174 silly addNameRange     '3.10.2',
174 silly addNameRange     '3.10.3',
174 silly addNameRange     '3.10.4',
174 silly addNameRange     '4.4.2',
174 silly addNameRange     '3.10.5',
174 silly addNameRange     '4.4.3',
174 silly addNameRange     '3.11.0',
174 silly addNameRange     '4.4.4',
174 silly addNameRange     '3.12.0',
174 silly addNameRange     '3.12.1',
174 silly addNameRange     '4.4.5',
174 silly addNameRange     '3.13.0',
174 silly addNameRange     '4.5.0',
174 silly addNameRange     '4.5.1',
174 silly addNameRange     '3.14.0',
174 silly addNameRange     '4.6.0',
174 silly addNameRange     '4.6.1',
174 silly addNameRange     '3.15.0',
174 silly addNameRange     '4.7.0',
174 silly addNameRange     '3.15.1',
174 silly addNameRange     '4.7.1',
174 silly addNameRange     '3.15.2',
174 silly addNameRange     '4.7.2',
174 silly addNameRange     '4.7.3',
174 silly addNameRange     '3.15.3',
174 silly addNameRange     '4.7.4',
174 silly addNameRange     '3.16.0',
174 silly addNameRange     '4.8.0',
174 silly addNameRange     '3.16.1',
174 silly addNameRange     '4.8.1',
174 silly addNameRange     '3.16.2',
174 silly addNameRange     '4.8.2',
174 silly addNameRange     '3.16.3',
174 silly addNameRange     '3.16.4',
174 silly addNameRange     '4.8.3',
174 silly addNameRange     '3.16.5',
174 silly addNameRange     '3.16.6',
174 silly addNameRange     '4.8.4',
174 silly addNameRange     '3.16.7',
174 silly addNameRange     '4.8.5',
174 silly addNameRange     '3.16.8',
174 silly addNameRange     '4.8.6',
174 silly addNameRange     '3.16.9',
174 silly addNameRange     '4.8.7',
174 silly addNameRange     '3.16.10',
174 silly addNameRange     '4.8.8',
174 silly addNameRange     '3.17.0',
174 silly addNameRange     '3.17.1',
174 silly addNameRange     '4.9.0',
174 silly addNameRange     '3.17.2',
174 silly addNameRange     '4.9.1',
174 silly addNameRange     '4.9.2',
174 silly addNameRange     '3.17.3',
174 silly addNameRange     '4.9.3',
174 silly addNameRange     '3.17.4',
174 silly addNameRange     '4.9.4',
174 silly addNameRange     '3.17.5',
174 silly addNameRange     '4.9.5',
174 silly addNameRange     '3.17.6',
174 silly addNameRange     '3.17.7',
174 silly addNameRange     '4.9.6',
174 silly addNameRange     '4.9.7',
174 silly addNameRange     '3.17.8',
174 silly addNameRange     '4.9.8',
174 silly addNameRange     '3.18.0',
174 silly addNameRange     '3.18.1',
174 silly addNameRange     '4.10.0' ] ]
175 verbose addNamed [ 'express', '4.9.8' ]
176 verbose addNamed [ '4.9.8', '4.9.8' ]
177 silly lockFile 3e3a25f6-express-4-9-8 express@4.9.8
178 verbose lock express@4.9.8 /Users/mickod/.npm/3e3a25f6-express-4-9-8.lock
179 silly addNameRange number 2 { name: 'debug', range: '>=2.0.0-0 <2.1.0-0', hasData: true }
180 silly addNameRange versions [ 'debug',
180 silly addNameRange   [ '0.0.1',
180 silly addNameRange     '0.1.0',
180 silly addNameRange     '0.2.0',
180 silly addNameRange     '0.3.0',
180 silly addNameRange     '0.4.0',
180 silly addNameRange     '0.4.1',
180 silly addNameRange     '0.5.0',
180 silly addNameRange     '0.6.0',
180 silly addNameRange     '0.7.0',
180 silly addNameRange     '0.7.1',
180 silly addNameRange     '0.7.2',
180 silly addNameRange     '0.7.3',
180 silly addNameRange     '0.7.4',
180 silly addNameRange     '0.8.0',
180 silly addNameRange     '0.8.1',
180 silly addNameRange     '1.0.0',
180 silly addNameRange     '1.0.1',
180 silly addNameRange     '1.0.2',
180 silly addNameRange     '1.0.3',
180 silly addNameRange     '1.0.4',
180 silly addNameRange     '2.0.0',
180 silly addNameRange     '2.1.0' ] ]
181 verbose addNamed [ 'debug', '2.0.0' ]
182 verbose addNamed [ '2.0.0', '2.0.0' ]
183 silly lockFile 095bd820-debug-2-0-0 debug@2.0.0
184 verbose lock debug@2.0.0 /Users/mickod/.npm/095bd820-debug-2-0-0.lock
185 silly lockFile 2d7fb097-js-org-express-express-4-9-8-tgz https://registry.npmjs.org/express/-/express-4.9.8.tgz
186 verbose lock https://registry.npmjs.org/express/-/express-4.9.8.tgz /Users/mickod/.npm/2d7fb097-js-org-express-express-4-9-8-tgz.lock
187 silly lockFile e2182b07--npmjs-org-debug-debug-2-0-0-tgz https://registry.npmjs.org/debug/-/debug-2.0.0.tgz
188 verbose lock https://registry.npmjs.org/debug/-/debug-2.0.0.tgz /Users/mickod/.npm/e2182b07--npmjs-org-debug-debug-2-0-0-tgz.lock
189 silly addNameRange number 2 { name: 'body-parser',
189 silly addNameRange   range: '>=1.8.1-0 <1.9.0-0',
189 silly addNameRange   hasData: true }
190 silly addNameRange versions [ 'body-parser',
190 silly addNameRange   [ '1.0.0',
190 silly addNameRange     '1.0.1',
190 silly addNameRange     '1.0.2',
190 silly addNameRange     '1.1.0',
190 silly addNameRange     '1.1.1',
190 silly addNameRange     '1.1.2',
190 silly addNameRange     '1.2.0',
190 silly addNameRange     '1.2.1',
190 silly addNameRange     '1.2.2',
190 silly addNameRange     '1.3.0',
190 silly addNameRange     '1.3.1',
190 silly addNameRange     '1.4.0',
190 silly addNameRange     '1.4.1',
190 silly addNameRange     '1.4.2',
190 silly addNameRange     '1.4.3',
190 silly addNameRange     '1.5.0',
190 silly addNameRange     '1.5.1',
190 silly addNameRange     '1.5.2',
190 silly addNameRange     '1.6.0',
190 silly addNameRange     '1.6.1',
190 silly addNameRange     '1.6.2',
190 silly addNameRange     '1.6.3',
190 silly addNameRange     '1.6.4',
190 silly addNameRange     '1.6.5',
190 silly addNameRange     '1.6.6',
190 silly addNameRange     '1.6.7',
190 silly addNameRange     '1.7.0',
190 silly addNameRange     '1.8.0',
190 silly addNameRange     '1.8.1',
190 silly addNameRange     '1.8.2',
190 silly addNameRange     '1.8.3',
190 silly addNameRange     '1.8.4',
190 silly addNameRange     '1.9.0',
190 silly addNameRange     '1.9.1',
190 silly addNameRange     '1.9.2' ] ]
191 verbose addNamed [ 'body-parser', '1.8.4' ]
192 verbose addNamed [ '1.8.4', '1.8.4' ]
193 silly lockFile 5cba912c-body-parser-1-8-4 body-parser@1.8.4
194 verbose lock body-parser@1.8.4 /Users/mickod/.npm/5cba912c-body-parser-1-8-4.lock
195 verbose addRemoteTarball [ 'https://registry.npmjs.org/express/-/express-4.9.8.tgz',
195 verbose addRemoteTarball   'f360f596baeabbd0e5223b603d6eb578d9d2d10d' ]
196 verbose addRemoteTarball [ 'https://registry.npmjs.org/debug/-/debug-2.0.0.tgz',
196 verbose addRemoteTarball   '89bd9df6732b51256bc6705342bba02ed12131ef' ]
197 silly lockFile 58a51cf2-ody-parser-body-parser-1-8-4-tgz https://registry.npmjs.org/body-parser/-/body-parser-1.8.4.tgz
198 verbose lock https://registry.npmjs.org/body-parser/-/body-parser-1.8.4.tgz /Users/mickod/.npm/58a51cf2-ody-parser-body-parser-1-8-4-tgz.lock
199 info retry fetch attempt 1 at 19:22:23
200 verbose fetch to= /var/folders/4b/j5p7y7m91n1gkkv9lljwmjgm0000gn/T/npm-568-jyLL1nOS/registry.npmjs.org/express/-/express-4.9.8.tgz
201 info retry fetch attempt 1 at 19:22:23
202 verbose fetch to= /var/folders/4b/j5p7y7m91n1gkkv9lljwmjgm0000gn/T/npm-568-jyLL1nOS/registry.npmjs.org/debug/-/debug-2.0.0.tgz
203 verbose addRemoteTarball [ 'https://registry.npmjs.org/body-parser/-/body-parser-1.8.4.tgz',
203 verbose addRemoteTarball   'd497e04bc13b3f9a8bd8c70bb0cdc16f2e028898' ]
204 http GET https://registry.npmjs.org/express/-/express-4.9.8.tgz
205 http GET https://registry.npmjs.org/debug/-/debug-2.0.0.tgz
206 info retry fetch attempt 1 at 19:22:23
207 verbose fetch to= /var/folders/4b/j5p7y7m91n1gkkv9lljwmjgm0000gn/T/npm-568-jyLL1nOS/registry.npmjs.org/body-parser/-/body-parser-1.8.4.tgz
208 http GET https://registry.npmjs.org/body-parser/-/body-parser-1.8.4.tgz
209 http 200 https://registry.npmjs.org/morgan/-/morgan-1.3.2.tgz
210 http 200 https://registry.npmjs.org/cookie-parser/-/cookie-parser-1.3.3.tgz
211 silly lockFile cac8e271-pmjs-org-morgan-morgan-1-3-2-tgz https://registry.npmjs.org/morgan/-/morgan-1.3.2.tgz
212 silly lockFile cac8e271-pmjs-org-morgan-morgan-1-3-2-tgz https://registry.npmjs.org/morgan/-/morgan-1.3.2.tgz
213 silly lockFile 864e7377-e-parser-cookie-parser-1-3-3-tgz https://registry.npmjs.org/cookie-parser/-/cookie-parser-1.3.3.tgz
214 silly lockFile 864e7377-e-parser-cookie-parser-1-3-3-tgz https://registry.npmjs.org/cookie-parser/-/cookie-parser-1.3.3.tgz
215 silly lockFile 7e2b41c6-morgan-1-3-2 morgan@1.3.2
216 silly lockFile 7e2b41c6-morgan-1-3-2 morgan@1.3.2
217 silly lockFile 68450bd4-cookie-parser-1-3-3 cookie-parser@1.3.3
218 silly lockFile 68450bd4-cookie-parser-1-3-3 cookie-parser@1.3.3
219 silly lockFile a4a9bdf4-morgan-1-3-0 morgan@~1.3.0
220 silly lockFile a4a9bdf4-morgan-1-3-0 morgan@~1.3.0
221 silly lockFile bf5babd8-cookie-parser-1-3-3 cookie-parser@~1.3.3
222 silly lockFile bf5babd8-cookie-parser-1-3-3 cookie-parser@~1.3.3
223 http 200 https://registry.npmjs.org/debug/-/debug-2.0.0.tgz
224 silly lockFile e2182b07--npmjs-org-debug-debug-2-0-0-tgz https://registry.npmjs.org/debug/-/debug-2.0.0.tgz
225 silly lockFile e2182b07--npmjs-org-debug-debug-2-0-0-tgz https://registry.npmjs.org/debug/-/debug-2.0.0.tgz
226 silly lockFile 095bd820-debug-2-0-0 debug@2.0.0
227 silly lockFile 095bd820-debug-2-0-0 debug@2.0.0
228 silly lockFile 12b6356d-debug-2-0-0 debug@~2.0.0
229 silly lockFile 12b6356d-debug-2-0-0 debug@~2.0.0
230 http 200 https://registry.npmjs.org/express/-/express-4.9.8.tgz
231 http 200 https://registry.npmjs.org/body-parser/-/body-parser-1.8.4.tgz
232 silly lockFile 58a51cf2-ody-parser-body-parser-1-8-4-tgz https://registry.npmjs.org/body-parser/-/body-parser-1.8.4.tgz
233 silly lockFile 58a51cf2-ody-parser-body-parser-1-8-4-tgz https://registry.npmjs.org/body-parser/-/body-parser-1.8.4.tgz
234 silly lockFile 5cba912c-body-parser-1-8-4 body-parser@1.8.4
235 silly lockFile 5cba912c-body-parser-1-8-4 body-parser@1.8.4
236 silly lockFile a49948c1-body-parser-1-8-1 body-parser@~1.8.1
237 silly lockFile a49948c1-body-parser-1-8-1 body-parser@~1.8.1
238 silly lockFile 2d7fb097-js-org-express-express-4-9-8-tgz https://registry.npmjs.org/express/-/express-4.9.8.tgz
239 silly lockFile 2d7fb097-js-org-express-express-4-9-8-tgz https://registry.npmjs.org/express/-/express-4.9.8.tgz
240 silly lockFile 3e3a25f6-express-4-9-8 express@4.9.8
241 silly lockFile 3e3a25f6-express-4-9-8 express@4.9.8
242 silly lockFile 6ae7fa08-express-4-9-0 express@~4.9.0
243 silly lockFile 6ae7fa08-express-4-9-0 express@~4.9.0
244 http 200 https://registry.npmjs.org/jade
245 silly registry.get cb [ 200,
245 silly registry.get   { date: 'Tue, 28 Oct 2014 19:22:23 GMT',
245 silly registry.get     server: 'CouchDB/1.5.0 (Erlang OTP/R16B03)',
245 silly registry.get     etag: '"574TTA7U5CJE1ZXHJE2S286DB"',
245 silly registry.get     'content-type': 'application/json',
245 silly registry.get     'cache-control': 'max-age=60',
245 silly registry.get     'content-length': '127439',
245 silly registry.get     'accept-ranges': 'bytes',
245 silly registry.get     via: '1.1 varnish',
245 silly registry.get     age: '53',
245 silly registry.get     'x-served-by': 'cache-lcy1129-LCY',
245 silly registry.get     'x-cache': 'HIT',
245 silly registry.get     'x-cache-hits': '10',
245 silly registry.get     'x-timer': 'S1414524143.774992,VS0,VE0',
245 silly registry.get     vary: 'Accept',
245 silly registry.get     'keep-alive': 'timeout=10, max=50',
245 silly registry.get     connection: 'Keep-Alive' } ]
246 silly addNameRange number 2 { name: 'jade', range: '>=1.6.0-0 <1.7.0-0', hasData: true }
247 silly addNameRange versions [ 'jade',
247 silly addNameRange   [ '0.0.1',
247 silly addNameRange     '0.0.2',
247 silly addNameRange     '0.1.0',
247 silly addNameRange     '0.2.0',
247 silly addNameRange     '0.2.1',
247 silly addNameRange     '0.2.2',
247 silly addNameRange     '0.2.3',
247 silly addNameRange     '0.2.4',
247 silly addNameRange     '0.3.0',
247 silly addNameRange     '0.4.0',
247 silly addNameRange     '0.4.1',
247 silly addNameRange     '0.5.0',
247 silly addNameRange     '0.5.1',
247 silly addNameRange     '0.5.2',
247 silly addNameRange     '0.5.3',
247 silly addNameRange     '0.5.4',
247 silly addNameRange     '0.5.5',
247 silly addNameRange     '0.5.6',
247 silly addNameRange     '0.5.7',
247 silly addNameRange     '0.6.0',
247 silly addNameRange     '0.6.1',
247 silly addNameRange     '0.6.3',
247 silly addNameRange     '0.7.0',
247 silly addNameRange     '0.7.1',
247 silly addNameRange     '0.8.0',
247 silly addNameRange     '0.8.1',
247 silly addNameRange     '0.8.2',
247 silly addNameRange     '0.8.3',
247 silly addNameRange     '0.8.4',
247 silly addNameRange     '0.8.5',
247 silly addNameRange     '0.8.6',
247 silly addNameRange     '0.8.7',
247 silly addNameRange     '0.8.8',
247 silly addNameRange     '0.8.9',
247 silly addNameRange     '0.9.0',
247 silly addNameRange     '0.9.1',
247 silly addNameRange     '0.9.2',
247 silly addNameRange     '0.9.3',
247 silly addNameRange     '0.10.0',
247 silly addNameRange     '0.10.1',
247 silly addNameRange     '0.10.2',
247 silly addNameRange     '0.10.3',
247 silly addNameRange     '0.10.4',
247 silly addNameRange     '0.10.5',
247 silly addNameRange     '0.10.6',
247 silly addNameRange     '0.10.7',
247 silly addNameRange     '0.11.0',
247 silly addNameRange     '0.11.1',
247 silly addNameRange     '0.12.0',
247 silly addNameRange     '0.12.1',
247 silly addNameRange     '0.12.2',
247 silly addNameRange     '0.12.3',
247 silly addNameRange     '0.12.4',
247 silly addNameRange     '0.13.0',
247 silly addNameRange     '0.14.0',
247 silly addNameRange     '0.14.1',
247 silly addNameRange     '0.14.2',
247 silly addNameRange     '0.15.0',
247 silly addNameRange     '0.15.1',
247 silly addNameRange     '0.15.2',
247 silly addNameRange     '0.15.3',
247 silly addNameRange     '0.15.4',
247 silly addNameRange     '0.16.0',
247 silly addNameRange     '0.16.1',
247 silly addNameRange     '0.16.2',
247 silly addNameRange     '0.16.3',
247 silly addNameRange     '0.16.4',
247 silly addNameRange     '0.17.0',
247 silly addNameRange     '0.18.0',
247 silly addNameRange     '0.19.0',
247 silly addNameRange     '0.20.0',
247 silly addNameRange     '0.20.1',
247 silly addNameRange     '0.20.2',
247 silly addNameRange     '0.20.3',
247 silly addNameRange     '0.21.0',
247 silly addNameRange     '0.22.0',
247 silly addNameRange     '0.22.1',
247 silly addNameRange     '0.23.0',
247 silly addNameRange     '0.24.0',
247 silly addNameRange     '0.25.0',
247 silly addNameRange     '0.26.0',
247 silly addNameRange     '0.26.1',
247 silly addNameRange     '0.26.2',
247 silly addNameRange     '0.26.3',
247 silly addNameRange     '0.27.0',
247 silly addNameRange     '0.27.1',
247 silly addNameRange     '0.27.2',
247 silly addNameRange     '0.27.3',
247 silly addNameRange     '0.27.4',
247 silly addNameRange     '0.27.5',
247 silly addNameRange     '0.27.6',
247 silly addNameRange     '0.27.7',
247 silly addNameRange     '0.28.0',
247 silly addNameRange     '0.28.1',
247 silly addNameRange     '0.28.2',
247 silly addNameRange     '0.29.0',
247 silly addNameRange     '0.30.0',
247 silly addNameRange     '0.31.0',
247 silly addNameRange     '0.31.1',
247 silly addNameRange     '0.31.2',
247 silly addNameRange     '0.32.0',
247 silly addNameRange     '0.33.0',
247 silly addNameRange     '0.34.0',
247 silly addNameRange     '0.34.1',
247 silly addNameRange     '0.35.0',
247 silly addNameRange     '1.0.0',
247 silly addNameRange     '1.0.1',
247 silly addNameRange     '1.0.2',
247 silly addNameRange     '1.1.0',
247 silly addNameRange     '1.1.1',
247 silly addNameRange     '1.1.2',
247 silly addNameRange     '1.1.3',
247 silly addNameRange     '1.1.4',
247 silly addNameRange     '1.1.5',
247 silly addNameRange     '1.2.0',
247 silly addNameRange     '1.3.0',
247 silly addNameRange     '1.3.1',
247 silly addNameRange     '1.4.0',
247 silly addNameRange     '1.4.1',
247 silly addNameRange     '1.4.2',
247 silly addNameRange     '1.5.0',
247 silly addNameRange     '1.6.0',
247 silly addNameRange     '1.7.0' ] ]
248 verbose addNamed [ 'jade', '1.6.0' ]
249 verbose addNamed [ '1.6.0', '1.6.0' ]
250 silly lockFile c06071bd-jade-1-6-0 jade@1.6.0
251 verbose lock jade@1.6.0 /Users/mickod/.npm/c06071bd-jade-1-6-0.lock
252 silly lockFile 7bdc82f5-ry-npmjs-org-jade-jade-1-6-0-tgz https://registry.npmjs.org/jade/-/jade-1.6.0.tgz
253 verbose lock https://registry.npmjs.org/jade/-/jade-1.6.0.tgz /Users/mickod/.npm/7bdc82f5-ry-npmjs-org-jade-jade-1-6-0-tgz.lock
254 verbose addRemoteTarball [ 'https://registry.npmjs.org/jade/-/jade-1.6.0.tgz',
254 verbose addRemoteTarball   'c02540cd97b1014db3c15743746bc3dcd54170f9' ]
255 info retry fetch attempt 1 at 19:22:24
256 verbose fetch to= /var/folders/4b/j5p7y7m91n1gkkv9lljwmjgm0000gn/T/npm-568-jyLL1nOS/registry.npmjs.org/jade/-/jade-1.6.0.tgz
257 http GET https://registry.npmjs.org/jade/-/jade-1.6.0.tgz
258 http 200 https://registry.npmjs.org/jade/-/jade-1.6.0.tgz
259 http 200 https://registry.npmjs.org/serve-favicon
260 silly registry.get cb [ 200,
260 silly registry.get   { date: 'Tue, 28 Oct 2014 19:22:24 GMT',
260 silly registry.get     server: 'CouchDB/1.5.0 (Erlang OTP/R14B04)',
260 silly registry.get     etag: '"DQNCEOV1TU804V1DNRWACLPFP"',
260 silly registry.get     'content-type': 'application/json',
260 silly registry.get     'cache-control': 'max-age=60',
260 silly registry.get     'content-length': '16887',
260 silly registry.get     'accept-ranges': 'bytes',
260 silly registry.get     via: '1.1 varnish',
260 silly registry.get     age: '0',
260 silly registry.get     'x-served-by': 'cache-lcy1122-LCY',
260 silly registry.get     'x-cache': 'HIT',
260 silly registry.get     'x-cache-hits': '1',
260 silly registry.get     'x-timer': 'S1414524143.761542,VS0,VE372',
260 silly registry.get     vary: 'Accept',
260 silly registry.get     'keep-alive': 'timeout=10, max=50',
260 silly registry.get     connection: 'Keep-Alive' } ]
261 silly addNameRange number 2 { name: 'serve-favicon',
261 silly addNameRange   range: '>=2.1.3-0 <2.2.0-0',
261 silly addNameRange   hasData: true }
262 silly addNameRange versions [ 'serve-favicon',
262 silly addNameRange   [ '2.0.0',
262 silly addNameRange     '2.0.1',
262 silly addNameRange     '2.1.0',
262 silly addNameRange     '2.1.1',
262 silly addNameRange     '2.1.2',
262 silly addNameRange     '2.1.3',
262 silly addNameRange     '2.1.4',
262 silly addNameRange     '2.1.5',
262 silly addNameRange     '2.1.6' ] ]
263 verbose addNamed [ 'serve-favicon', '2.1.6' ]
264 verbose addNamed [ '2.1.6', '2.1.6' ]
265 silly lockFile 4a3fd20c-serve-favicon-2-1-6 serve-favicon@2.1.6
266 verbose lock serve-favicon@2.1.6 /Users/mickod/.npm/4a3fd20c-serve-favicon-2-1-6.lock
267 silly lockFile 620925dd--favicon-serve-favicon-2-1-6-tgz https://registry.npmjs.org/serve-favicon/-/serve-favicon-2.1.6.tgz
268 verbose lock https://registry.npmjs.org/serve-favicon/-/serve-favicon-2.1.6.tgz /Users/mickod/.npm/620925dd--favicon-serve-favicon-2-1-6-tgz.lock
269 verbose addRemoteTarball [ 'https://registry.npmjs.org/serve-favicon/-/serve-favicon-2.1.6.tgz',
269 verbose addRemoteTarball   '46326a9eb64a0fa5cf012a4f85efe9fda95820e5' ]
270 info retry fetch attempt 1 at 19:22:24
271 verbose fetch to= /var/folders/4b/j5p7y7m91n1gkkv9lljwmjgm0000gn/T/npm-568-jyLL1nOS/registry.npmjs.org/serve-favicon/-/serve-favicon-2.1.6.tgz
272 http GET https://registry.npmjs.org/serve-favicon/-/serve-favicon-2.1.6.tgz
273 silly lockFile 7bdc82f5-ry-npmjs-org-jade-jade-1-6-0-tgz https://registry.npmjs.org/jade/-/jade-1.6.0.tgz
274 silly lockFile 7bdc82f5-ry-npmjs-org-jade-jade-1-6-0-tgz https://registry.npmjs.org/jade/-/jade-1.6.0.tgz
275 silly lockFile c06071bd-jade-1-6-0 jade@1.6.0
276 silly lockFile c06071bd-jade-1-6-0 jade@1.6.0
277 silly lockFile ad8c17a8-jade-1-6-0 jade@~1.6.0
278 silly lockFile ad8c17a8-jade-1-6-0 jade@~1.6.0
279 http 200 https://registry.npmjs.org/serve-favicon/-/serve-favicon-2.1.6.tgz
280 silly lockFile 620925dd--favicon-serve-favicon-2-1-6-tgz https://registry.npmjs.org/serve-favicon/-/serve-favicon-2.1.6.tgz
281 silly lockFile 620925dd--favicon-serve-favicon-2-1-6-tgz https://registry.npmjs.org/serve-favicon/-/serve-favicon-2.1.6.tgz
282 silly lockFile 4a3fd20c-serve-favicon-2-1-6 serve-favicon@2.1.6
283 silly lockFile 4a3fd20c-serve-favicon-2-1-6 serve-favicon@2.1.6
284 silly lockFile 38295489-serve-favicon-2-1-3 serve-favicon@~2.1.3
285 silly lockFile 38295489-serve-favicon-2-1-3 serve-favicon@~2.1.3
286 error Error: EACCES, mkdir '/Users/mickod/.npm/debug/2.0.0'
286 error  { [Error: EACCES, mkdir '/Users/mickod/.npm/debug/2.0.0']
286 error   errno: 3,
286 error   code: 'EACCES',
286 error   path: '/Users/mickod/.npm/debug/2.0.0',
286 error   parent: 'colab_server' }
287 error Please try running this command again as root/Administrator.
288 error System Darwin 13.4.0
289 error command "node" "/usr/local/bin/npm" "install"
290 error cwd /Users/mickod/Desktop/AMOD/UCD/Project/ColabLocalhostNodejsServer/colab_server
291 error node -v v0.10.33
292 error npm -v 1.4.28
293 error path /Users/mickod/.npm/debug/2.0.0
294 error code EACCES
295 error errno 3
296 error stack Error: EACCES, mkdir '/Users/mickod/.npm/debug/2.0.0'
297 verbose exit [ 3, true ]
